  compilation object save succeeded; see E:\Main\NonSVN\VSSolutions\D3DGraphics\x64\Debug\Fullscreen_PS.cso
  compilation object save succeeded; see E:\Main\NonSVN\VSSolutions\D3DGraphics\x64\Debug\Fullscreen_VS.cso
  compilation object save succeeded; see E:\Main\NonSVN\VSSolutions\D3DGraphics\x64\Debug\Model_PS.cso
  compilation object save succeeded; see E:\Main\NonSVN\VSSolutions\D3DGraphics\x64\Debug\Model_VS.cso
  BindingPass.cpp
  BufferClearPass.cpp
  BufferResource.cpp
  Camera.cpp
  ConstantBuffer.cpp
  DepthStencil.cpp
  DynamicConstant.cpp
  FlatGraphics.cpp
  FlatRenderer.cpp
E:\Main\NonSVN\VSSolutions\D3DGraphics\Graphics\FlatRenderer.cpp(8,25): warning C4312: 'reinterpret_cast': 'int'에서 더 큰 'HWND'(으)로의 변환입니다.
E:\Main\NonSVN\VSSolutions\D3DGraphics\Graphics\FlatRenderer.cpp(85,1): warning C4715: 'FlatRenderer::Submit': 모든 제어 경로에서 값을 반환하지는 않습니다.
  ForwardRenderGraph.cpp
  ForwarRenderPass.cpp
  FullScreenPass.cpp
  GraphicsResource.cpp
  IBindable.cpp
  IDrawable.cpp
  IndexBuffer.cpp
  InputLayout.cpp
  IRenderer.cpp
  Job.cpp
  LayoutCodex.cpp
  Material.cpp
  Mesh.cpp
  Model.cpp
  Node.cpp
  OffScreenMappingPass.cpp
E:\Main\NonSVN\VSSolutions\D3DGraphics\Graphics\Sink.h(124,68): warning C4267: '초기화 중': 'size_t'에서 'unsigned int'(으)로 변환하면서 데이터가 손실될 수 있습니다.
  (소스 파일 'OffScreenMappingPass.cpp'을(를) 컴파일하는 중)
  E:\Main\NonSVN\VSSolutions\D3DGraphics\Graphics\Sink.h(124,68):
  템플릿 인스턴스화 컨텍스트(가장 오래된 인스턴스화 컨텍스트)가
  	E:\Main\NonSVN\VSSolutions\D3DGraphics\Graphics\OffScreenMappingPass.cpp(13,2):
  	컴파일되는 함수 템플릿 인스턴스화 'void BindingPass::AddBindSink<RenderTarget>(std::string)'에 대한 참조를 확인하세요.
  	E:\Main\NonSVN\VSSolutions\D3DGraphics\Graphics\BindingPass.h(37,57):
  	'std::unique_ptr<Sink,std::default_delete<Sink>>::unique_ptr(std::unique_ptr<_Ux,_Dx> &&) noexcept'의 기본 템플릿 인수를 처리하는 동안
  	C:\Program Files\Microsoft Visual Studio\2022\Community\VC\Tools\MSVC\14.39.33519\include\memory(3214,20):
  	컴파일되는 변수 템플릿 'const bool conjunction_v<std::negation<std::is_array<ContainerBindableSink<RenderTarget> > >,std::is_convertible<ContainerBindableSink<RenderTarget> *,Sink *>,std::is_convertible<std::default_delete<ContainerBindableSink<RenderTarget> >,std::default_delete<Sink> > >'에 대한 참조를 확인하세요.
  	C:\Program Files\Microsoft Visual Studio\2022\Community\VC\Tools\MSVC\14.39.33519\include\memory(3214,20):
  	컴파일되는 클래스 템플릿 인스턴스화 'std::is_convertible<ContainerBindableSink<RenderTarget> *,_Ty *>'에 대한 참조를 확인하세요.
          with
          [
              _Ty=Sink
          ]
  	C:\Program Files\Microsoft Visual Studio\2022\Community\VC\Tools\MSVC\14.39.33519\include\type_traits(323,39):
  	컴파일되는 클래스 템플릿 인스턴스화 'ContainerBindableSink<RenderTarget>'에 대한 참조를 확인하세요.
  	E:\Main\NonSVN\VSSolutions\D3DGraphics\Graphics\Sink.h(114,1):
  	클래스 템플릿 멤버 함수 'void ContainerBindableSink<RenderTarget>::BindSink(Source &)'을(를) 컴파일하는 중입니다.
  	E:\Main\NonSVN\VSSolutions\D3DGraphics\Graphics\Sink.h(124,2):
  	클래스 템플릿 멤버 함수 'ContainerBindableSink<RenderTarget>::ContainerBindableSink(std::string,std::vector<std::shared_ptr<IBindable>,std::allocator<std::shared_ptr<IBindable>>> &,size_t)'을(를) 컴파일하는 중입니다.
  		C:\Program Files\Microsoft Visual Studio\2022\Community\VC\Tools\MSVC\14.39.33519\include\memory(3434,5):
  		'std::make_unique'에서 'ContainerBindableSink<RenderTarget>::ContainerBindableSink'에 대한 첫 번째 참조를 확인하세요.
  
  Pass.cpp
  pch.cpp
  PixelCBufAlpha.cpp
  PixelShader.cpp
  RasterizerState.cpp
  RenderGraph.cpp
E:\Main\NonSVN\VSSolutions\D3DGraphics\Graphics\RenderGraph.cpp(56,1): warning C4715: 'RenderGraph::GetRenderQueue': 모든 제어 경로에서 값을 반환하지는 않습니다.
  RenderQueuePass.cpp
  RenderTarget.cpp
  ResourceManager.cpp
  Sampler.cpp
  Sink.cpp
  Source.cpp
  StencilState.cpp
  Step.cpp
  Surface.cpp
  Technique.cpp
  Texture.cpp
  Topology.cpp
  TransformCBuf.cpp
  Utils.cpp
  Vertex.cpp
  VertexBuffer.cpp
  VertexShader.cpp
  Viewport.cpp
  Graphics.vcxproj -> E:\Main\NonSVN\VSSolutions\D3DGraphics\x64\Debug\Graphics.lib
